#
# A fatal error has been detected by the Java Runtime Environment:
#
#  EXCEPTION_ACCESS_VIOLATION (0xc0000005) at pc=0x000000006eee8b35, pid=12800, tid=13360
#
# JRE version: Java(TM) SE Runtime Environment (8.0_66-b18) (build 1.8.0_66-b18)
# Java VM: Java HotSpot(TM) 64-Bit Server VM (25.66-b18 mixed mode windows-amd64 compressed oops)
# Problematic frame:
# V  [jvm.dll+0x128b35]
#
# Failed to write core dump. Minidumps are not enabled by default on client versions of Windows
#
# If you would like to submit a bug report, please visit:
#   http://bugreport.java.com/bugreport/crash.jsp
#

---------------  T H R E A D  ---------------

Current thread (0x000000001df3b800):  JavaThread "JDWP Transport Listener: dt_socket" daemon [_thread_in_vm, id=13360, stack(0x000000001e840000,0x000000001e940000)]

siginfo: ExceptionCode=0xc0000005, reading address 0x00003b00003b003b

Registers:
RAX=0x000000001e93f501, RBX=0x000000001df3b800, RCX=0x00003b00003b003b, RDX=0x0000000000000000
RSP=0x000000001e93f560, RBP=0x00003b00003b003b, RSI=0x000000001e93f678, RDI=0x00000000023b84f0
R8 =0x000000001df3b800, R9 =0x0000000000000000, R10=0x0000000000000000, R11=0x0000000000000064
R12=0x0000000000000000, R13=0x000000001df32568, R14=0x0000000000000000, R15=0x0000000000000000
RIP=0x000000006eee8b35, EFLAGS=0x0000000000010202

Top of Stack: (sp=0x000000001e93f560)
0x000000001e93f560:   000000001df3b800 000000001df3b800
0x000000001e93f570:   000000001e93f628 000000006f0ee2eb
0x000000001e93f580:   000000001df3b800 000000006f10ab4d
0x000000001e93f590:   0000000000000000 000000006f929155
0x000000001e93f5a0:   000000001dfe1ee0 000000006f93291e
0x000000001e93f5b0:   000000001df3b800 0000000000000000
0x000000001e93f5c0:   0000000000000000 0000000000000000
0x000000001e93f5d0:   00003b00003b003b 000000006f931a15
0x000000001e93f5e0:   000000001e93f678 000000001e93f650
0x000000001e93f5f0:   0000000000000001 000000001dfe1ee0
0x000000001e93f600:   00003b00003b003b 000000006f9153b3
0x000000001e93f610:   000000001e93f740 0000000000000001
0x000000001e93f620:   0000000000000001 000000001dfe1ee0
0x000000001e93f630:   0000000000000001 0000000000000000
0x000000001e93f640:   0000000000000000 0000000000000000
0x000000001e93f650:   0000000000000001 000000006f915571 

Instructions: (pc=0x000000006eee8b35)
0x000000006eee8b15:   cc cc cc cc cc cc cc cc cc cc cc 48 83 ec 28 48
0x000000006eee8b25:   85 c9 75 07 33 c0 48 83 c4 28 c3 48 89 5c 24 20
0x000000006eee8b35:   48 8b 19 48 85 db 74 20 48 83 fb 37 74 1a 48 8b
0x000000006eee8b45:   13 48 8b cb ff 52 10 84 c0 74 0d 48 8b c3 48 8b 


Register to memory mapping:

RAX=0x000000001e93f501 is pointing into the stack for thread: 0x000000001df3b800
RBX=0x000000001df3b800 is a thread
RCX=0x00003b00003b003b is an unknown value
RDX=0x0000000000000000 is an unknown value
RSP=0x000000001e93f560 is pointing into the stack for thread: 0x000000001df3b800
RBP=0x00003b00003b003b is an unknown value
RSI=0x000000001e93f678 is pointing into the stack for thread: 0x000000001df3b800
RDI=0x00000000023b84f0 is an unknown value
R8 =0x000000001df3b800 is a thread
R9 =0x0000000000000000 is an unknown value
R10=0x0000000000000000 is an unknown value
R11=0x0000000000000064 is an unknown value
R12=0x0000000000000000 is an unknown value
R13=0x000000001df32568 is an unknown value
R14=0x0000000000000000 is an unknown value
R15=0x0000000000000000 is an unknown value


Stack: [0x000000001e840000,0x000000001e940000],  sp=0x000000001e93f560,  free space=1021k
Native frames: (J=compiled Java code, j=interpreted, Vv=VM code, C=native code)
V  [jvm.dll+0x128b35]
V  [jvm.dll+0x34ab4d]
C  [jdwp.dll+0x21a15]
C  [jdwp.dll+0x53b3]
C  [jdwp.dll+0x5571]
C  [jdwp.dll+0xf0a8]
C  [jdwp.dll+0x1f2d5]
C  [jdwp.dll+0x1f4aa]
V  [jvm.dll+0x1bba28]
V  [jvm.dll+0x243274]
V  [jvm.dll+0x29a0fa]
C  [msvcr100.dll+0x21d9f]
C  [msvcr100.dll+0x21e3b]
C  [KERNEL32.DLL+0x18102]
C  [ntdll.dll+0x5c2e4]


---------------  P R O C E S S  ---------------

Java Threads: ( => current thread )
  0x000000001e04c000 JavaThread "Thread-0" [_thread_blocked, id=13412, stack(0x000000001f140000,0x000000001f240000)]
  0x000000001dfe0000 JavaThread "Service Thread" daemon [_thread_blocked, id=13404, stack(0x000000001ef40000,0x000000001f040000)]
  0x000000001df58000 JavaThread "C1 CompilerThread3" daemon [_thread_blocked, id=13400, stack(0x000000001ee40000,0x000000001ef40000)]
  0x000000001df57000 JavaThread "C2 CompilerThread2" daemon [_thread_blocked, id=13396, stack(0x000000001ed40000,0x000000001ee40000)]
  0x000000001df56800 JavaThread "C2 CompilerThread1" daemon [_thread_blocked, id=13392, stack(0x000000001ec40000,0x000000001ed40000)]
  0x000000001df4d800 JavaThread "C2 CompilerThread0" daemon [_thread_blocked, id=13388, stack(0x000000001eb40000,0x000000001ec40000)]
  0x000000001df43000 JavaThread "JDWP Command Reader" daemon [_thread_in_native, id=13372, stack(0x000000001ea40000,0x000000001eb40000)]
  0x000000001df3d800 JavaThread "JDWP Event Helper Thread" daemon [_thread_blocked, id=13368, stack(0x000000001e940000,0x000000001ea40000)]
=>0x000000001df3b800 JavaThread "JDWP Transport Listener: dt_socket" daemon [_thread_in_vm, id=13360, stack(0x000000001e840000,0x000000001e940000)]
  0x000000001df26800 JavaThread "Attach Listener" daemon [_thread_blocked, id=13348, stack(0x000000001e400000,0x000000001e500000)]
  0x000000001df25000 JavaThread "Signal Dispatcher" daemon [_thread_blocked, id=13344, stack(0x000000001e300000,0x000000001e400000)]
  0x00000000022e9000 JavaThread "Finalizer" daemon [_thread_blocked, id=13340, stack(0x000000001dd20000,0x000000001de20000)]
  0x00000000022e2000 JavaThread "Reference Handler" daemon [_thread_blocked, id=13336, stack(0x000000001dc20000,0x000000001dd20000)]
  0x00000000023bd800 JavaThread "main" [_thread_blocked, id=12964, stack(0x00000000020c0000,0x00000000021c0000)]

Other Threads:
  0x000000001be59800 VMThread [stack: 0x000000001db20000,0x000000001dc20000] [id=13332]
  0x000000001dfe3800 WatcherThread [stack: 0x000000001f040000,0x000000001f140000] [id=13408]

VM state:not at safepoint (normal execution)

VM Mutex/Monitor currently owned by a thread: None

Heap:
 PSYoungGen      total 76288K, used 6553K [0x000000076af80000, 0x0000000770480000, 0x00000007c0000000)
  eden space 65536K, 10% used [0x000000076af80000,0x000000076b5e6768,0x000000076ef80000)
  from space 10752K, 0% used [0x000000076fa00000,0x000000076fa00000,0x0000000770480000)
  to   space 10752K, 0% used [0x000000076ef80000,0x000000076ef80000,0x000000076fa00000)
 ParOldGen       total 175104K, used 0K [0x00000006c0e00000, 0x00000006cb900000, 0x000000076af80000)
  object space 175104K, 0% used [0x00000006c0e00000,0x00000006c0e00000,0x00000006cb900000)
 Metaspace       used 2816K, capacity 4498K, committed 4864K, reserved 1056768K
  class space    used 313K, capacity 386K, committed 512K, reserved 1048576K

Card table byte_map: [0x0000000011780000,0x0000000011f80000] byte_map_base: 0x000000000e179000

Marking Bits: (ParMarkBitMap*) 0x000000006f5ca5b0
 Begin Bits: [0x0000000012ce0000, 0x0000000016ca8000)
 End Bits:   [0x0000000016ca8000, 0x000000001ac70000)

Polling page: 0x00000000021c0000

CodeCache: size=245760Kb used=1104Kb max_used=1105Kb free=244655Kb
 bounds [0x00000000023c0000, 0x0000000002630000, 0x00000000113c0000]
 total_blobs=259 nmethods=26 adapters=155
 compilation: enabled

Compilation events (10 events):
Event: 0.124 Thread 0x000000001df58000 nmethod 21 0x00000000024d0b50 code [0x00000000024d0ce0, 0x00000000024d1208]
Event: 0.124 Thread 0x000000001df4d800 nmethod 22 0x00000000024d4110 code [0x00000000024d4260, 0x00000000024d4358]
Event: 0.127 Thread 0x000000001df58000   23       3       java.lang.System::getSecurityManager (4 bytes)
Event: 0.127 Thread 0x000000001df58000 nmethod 23 0x00000000024d3610 code [0x00000000024d3760, 0x00000000024d38b0]
Event: 0.127 Thread 0x000000001df58000   24       3       java.lang.StringBuilder::append (8 bytes)
Event: 0.127 Thread 0x000000001df58000 nmethod 24 0x00000000024d3250 code [0x00000000024d33c0, 0x00000000024d3568]
Event: 0.132 Thread 0x000000001df58000   25       3       sun.nio.cs.SingleByte$Encoder::encode (32 bytes)
Event: 0.132 Thread 0x000000001df58000 nmethod 25 0x00000000024d1950 code [0x00000000024d1ac0, 0x00000000024d1cd0]
Event: 0.132 Thread 0x000000001df58000   26       1       java.nio.Buffer::position (5 bytes)
Event: 0.132 Thread 0x000000001df58000 nmethod 26 0x00000000024d1690 code [0x00000000024d17e0, 0x00000000024d18f0]

GC Heap History (0 events):
No events

Deoptimization events (0 events):
No events

Internal exceptions (5 events):
Event: 0.023 Thread 0x00000000023bd800 Exception <a 'java/lang/NoSuchMethodError': Method sun.misc.Unsafe.defineClass(Ljava/lang/String;[BII)Ljava/lang/Class; name or signature does not match> (0x000000076af8d640) thrown at [C:\re\workspace\8-2-build-windows-amd64-cygwin\jdk8u66\5298\hotspot\sræÎ*Ñ“˜?
Event: 0.023 Thread 0x00000000023bd800 Exception <a 'java/lang/NoSuchMethodError': Method sun.misc.Unsafe.prefetchRead(Ljava/lang/Object;J)V name or signature does not match> (0x000000076af8d928) thrown at [C:\re\workspace\8-2-build-windows-amd64-cygwin\jdk8u66\5298\hotspot\src\share\vm\prims\jàÓÞˆò¹À?
Event: 0.131 Thread 0x00000000023bd800 Exception <a 'java/net/BindException': Address already in use: Cannot bind> (0x000000076aff3140) thrown at [C:\re\workspace\8-2-build-windows-amd64-cygwin\jdk8u66\5298\hotspot\src\share\vm\prims\jni.cpp, line 735]
Event: 0.133 Thread 0x00000000023bd800 Exception <a 'java/lang/NullPointerException'> (0x000000076aff6758) thrown at [C:\re\workspace\8-2-build-windows-amd64-cygwin\jdk8u66\5298\hotspot\src\share\vm\interpreter\linkResolver.cpp, line 1178]
Event: 0.133 Thread 0x000000001e04c000 Exception <a 'java/lang/NullPointerException'> (0x000000076b49f2e8) thrown at [C:\re\workspace\8-2-build-windows-amd64-cygwin\jdk8u66\5298\hotspot\src\share\vm\interpreter\linkResolver.cpp, line 1178]

Events (10 events):
Event: 178.615 Executing VM operation: RedefineClasses
Event: 178.615 Executing VM operation: RedefineClasses done
Event: 178.616 Executing VM operation: EnterInterpOnlyMode
Event: 178.616 Executing VM operation: EnterInterpOnlyMode done
Event: 178.617 Executing VM operation: GetCurrentLocation
Event: 178.617 Executing VM operation: GetCurrentLocation done
Event: 178.617 Executing VM operation: ChangeSingleStep
Event: 178.617 Executing VM operation: ChangeSingleStep done
Event: 178.617 Executing VM operation: ChangeSingleStep
Event: 178.617 Executing VM operation: ChangeSingleStep done


Dynamic libraries:
0x00007ff7518a0000 - 0x00007ff7518d7000 	C:\Program Files\Java\jre1.8.0_66\bin\javaw.exe
0x00007ff8fbb90000 - 0x00007ff8fbd51000 	C:\WINDOWS\SYSTEM32\ntdll.dll
0x00007ff8fba70000 - 0x00007ff8fbb1d000 	C:\WINDOWS\system32\KERNEL32.DLL
0x00007ff8f8b60000 - 0x00007ff8f8d48000 	C:\WINDOWS\system32\KERNELBASE.dll
0x00007ff8fb9c0000 - 0x00007ff8fba67000 	C:\WINDOWS\system32\ADVAPI32.dll
0x00007ff8f9040000 - 0x00007ff8f90dd000 	C:\WINDOWS\system32\msvcrt.dll
0x00007ff8fa300000 - 0x00007ff8fa35b000 	C:\WINDOWS\system32\sechost.dll
0x00007ff8fa1d0000 - 0x00007ff8fa2ec000 	C:\WINDOWS\system32\RPCRT4.dll
0x00007ff8f9d60000 - 0x00007ff8f9eb6000 	C:\WINDOWS\system32\USER32.dll
0x00007ff8f9370000 - 0x00007ff8f94f6000 	C:\WINDOWS\system32\GDI32.dll
0x00007ff8f0ae0000 - 0x00007ff8f0d54000 	C:\WINDOWS\WinSxS\amd64_microsoft.windows.common-controls_6595b64144ccf1df_6.0.10586.0_none_8c15ae12515e1c22\COMCTL32.dll
0x00007ff8f9ae0000 - 0x00007ff8f9d5d000 	C:\WINDOWS\system32\combase.dll
0x00007ff8f83f0000 - 0x00007ff8f845a000 	C:\WINDOWS\system32\bcryptPrimitives.dll
0x00007ff8f91c0000 - 0x00007ff8f91fb000 	C:\WINDOWS\system32\IMM32.DLL
0x000000006f950000 - 0x000000006fa22000 	C:\Program Files\Java\jre1.8.0_66\bin\msvcr100.dll
0x000000006edc0000 - 0x000000006f649000 	C:\Program Files\Java\jre1.8.0_66\bin\server\jvm.dll
0x00007ff8fa360000 - 0x00007ff8fa368000 	C:\WINDOWS\system32\PSAPI.DLL
0x00007ff8f44b0000 - 0x00007ff8f44b9000 	C:\WINDOWS\SYSTEM32\WSOCK32.dll
0x00007ff8f43e0000 - 0x00007ff8f43ea000 	C:\WINDOWS\SYSTEM32\VERSION.dll
0x00007ff8f61b0000 - 0x00007ff8f61d3000 	C:\WINDOWS\SYSTEM32\WINMM.dll
0x00007ff8fbb20000 - 0x00007ff8fbb8b000 	C:\WINDOWS\system32\WS2_32.dll
0x00007ff8f6150000 - 0x00007ff8f617c000 	C:\WINDOWS\SYSTEM32\WINMMBASE.dll
0x00007ff8f8d70000 - 0x00007ff8f8db3000 	C:\WINDOWS\system32\cfgmgr32.dll
0x000000006faf0000 - 0x000000006faff000 	C:\Program Files\Java\jre1.8.0_66\bin\verify.dll
0x000000006fac0000 - 0x000000006fae9000 	C:\Program Files\Java\jre1.8.0_66\bin\java.dll
0x000000006f910000 - 0x000000006f945000 	C:\Program Files\Java\jre1.8.0_66\bin\jdwp.dll
0x000000006f900000 - 0x000000006f908000 	C:\Program Files\Java\jre1.8.0_66\bin\npt.dll
0x000000006faa0000 - 0x000000006fab6000 	C:\Program Files\Java\jre1.8.0_66\bin\zip.dll
0x00007ff8fa460000 - 0x00007ff8fb9bf000 	C:\WINDOWS\system32\SHELL32.dll
0x00007ff8f8460000 - 0x00007ff8f8aa4000 	C:\WINDOWS\system32\windows.storage.dll
0x00007ff8fa170000 - 0x00007ff8fa1c2000 	C:\WINDOWS\system32\shlwapi.dll
0x00007ff8f8220000 - 0x00007ff8f822f000 	C:\WINDOWS\system32\kernel.appcore.dll
0x00007ff8f82a0000 - 0x00007ff8f8355000 	C:\WINDOWS\system32\shcore.dll
0x00007ff8f81d0000 - 0x00007ff8f821b000 	C:\WINDOWS\system32\powrprof.dll
0x00007ff8f81b0000 - 0x00007ff8f81c4000 	C:\WINDOWS\system32\profapi.dll
0x000000006f8f0000 - 0x000000006f8f9000 	C:\Program Files\Java\jre1.8.0_66\bin\dt_socket.dll
0x00007ff8ed570000 - 0x00007ff8ed586000 	C:\WINDOWS\system32\napinsp.dll
0x00007ff8ed590000 - 0x00007ff8ed5aa000 	C:\WINDOWS\system32\pnrpnsp.dll
0x00007ff8f6650000 - 0x00007ff8f6668000 	C:\WINDOWS\system32\NLAapi.dll
0x00007ff8f7ae0000 - 0x00007ff8f7b3c000 	C:\WINDOWS\System32\mswsock.dll
0x00007ff8f6c20000 - 0x00007ff8f6cca000 	C:\WINDOWS\SYSTEM32\DNSAPI.dll
0x00007ff8f90e0000 - 0x00007ff8f90e8000 	C:\WINDOWS\system32\NSI.dll
0x00007ff8ed5b0000 - 0x00007ff8ed5bd000 	C:\WINDOWS\System32\winrnr.dll
0x00007ff8f4870000 - 0x00007ff8f48d7000 	C:\WINDOWS\System32\fwpuclnt.dll
0x00007ff8f7db0000 - 0x00007ff8f7dd9000 	C:\WINDOWS\SYSTEM32\bcrypt.dll
0x00007ff8f3140000 - 0x00007ff8f314a000 	C:\Windows\System32\rasadhlp.dll
0x000000006fa80000 - 0x000000006fa9a000 	C:\Program Files\Java\jre1.8.0_66\bin\net.dll
0x00007ff8e9950000 - 0x00007ff8e9adc000 	C:\WINDOWS\SYSTEM32\dbghelp.dll

VM Arguments:
jvm_args: -agentlib:jdwp=transport=dt_socket,suspend=y,address=localhost:51376 -Dfile.encoding=Cp1252 
java_command: projectv2.GameClient
java_class_path (initial): C:\Users\Simons\git\Projekt\ProjektArbete\bin;C:\Users\Simons\.p2\pool\plugins\org.eclipse.fx.ide.css.jfx8_2.0.0.201506111511.jar
Launcher Type: SUN_STANDARD

Environment Variables:
PATH=C:/Program Files/Java/jre1.8.0_66/bin/server;C:/Program Files/Java/jre1.8.0_66/bin;C:/Program Files/Java/jre1.8.0_66/lib/amd64;C:\Program Files (x86)\Intel\iCLS Client\;C:\Program Files\Intel\iCLS Client\;C:\ProgramData\Oracle\Java\javapath;C:\WINDOWS\system32;C:\WINDOWS;C:\WINDOWS\System32\Wbem;C:\WINDOWS\System32\WindowsPowerShell\v1.0\;C:\Program Files (x86)\NVIDIA Corporation\PhysX\Common;C:\Program Files (x86)\Intel\Intel(R) Management Engine Components\DAL;C:\Program Files\Intel\Intel(R) Management Engine Components\DAL;C:\Program Files (x86)\Intel\Intel(R) Management Engine Components\IPT;C:\Program Files\Intel\Intel(R) Management Engine Components\IPT;C:\Program Files (x86)\Skype\Phone\;%SystemRoot%\system32;%SystemRoot%;%SystemRoot%\System32\Wbem;%SYSTEMROOT%\System32\WindowsPowerShell\v1.0\;C:\Users\Simons\eclipse\java-mars\eclipse;
USERNAME=Simons
OS=Windows_NT
PROCESSOR_IDENTIFIER=Intel64 Family 6 Model 60 Stepping 3, GenuineIntel



---------------  S Y S T E M  ---------------

OS: Windows 10.0 , 64 bit Build 10586 (10.0.10586.0)

CPU:total 8 (4 cores per cpu, 2 threads per core) family 6 model 60 stepping 3, cmov, cx8, fxsr, mmx, sse, sse2, sse3, ssse3, sse4.1, sse4.2, popcnt, avx, avx2, aes, clmul, erms, lzcnt, ht, tsc, tscinvbit, bmi1, bmi2

Memory: 4k page, physical 16718196k(13060092k free), swap 26678884k(3628732k free)

vm_info: Java HotSpot(TM) 64-Bit Server VM (25.66-b18) for windows-amd64 JRE (1.8.0_66-b18), built on Nov  9 2015 10:51:13 by "java_re" with MS VC++ 10.0 (VS2010)

time: Tue Jan 05 19:49:29 2016
elapsed time: 178 seconds (0d 0h 2m 58s)

